<?xml version="1.0" encoding="UTF-8" standalone="no"?><testsuite errors="0" failures="1" name="Busqueda de vuelos por nombre de la aerolinea" skipped="0" tests="1" time="1.44" timestamp="2024-11-02 07:16:50"><testcase name="Buscar vuelos por nombre de una aerolinea existente"><failure message="1 expectation failed.&#10;JSON path [0].airline doesn't match.&#10;Expected: JetFlya&#10;  Actual: null&#10;" type="java.lang.AssertionError">1 expectation failed.
JSON path [0].airline doesn't match.
Expected: JetFlya
  Actual: null
</failure><system-err>1 expectation failed.
JSON path [0].airline doesn't match.
Expected: JetFlya
  Actual: null
&#13;
io.restassured.internal.ResponseSpecificationImpl.validateResponseIfRequired(ResponseSpecificationImpl.groovy:696)&#13;
io.restassured.internal.ResponseSpecificationImpl.this$2$validateResponseIfRequired(ResponseSpecificationImpl.groovy)&#13;
io.restassured.internal.ResponseSpecificationImpl.body(ResponseSpecificationImpl.groovy:270)&#13;
io.restassured.internal.ResponseSpecificationImpl.body(ResponseSpecificationImpl.groovy:117)&#13;
io.restassured.internal.ValidatableResponseOptionsImpl.body(ValidatableResponseOptionsImpl.java:244)&#13;
co.com.udea.certificacion.busqueda_de_vuelos_B.stepdefinitions.FlightAirlineSearchStepDefinition.lambda$heShouldSeeTheFlightInformation$0(FlightAirlineSearchStepDefinition.java:41)&#13;
co.com.udea.certificacion.busqueda_de_vuelos_B.stepdefinitions.FlightAirlineSearchStepDefinition.heShouldSeeTheFlightInformation(FlightAirlineSearchStepDefinition.java:40)&#13;
worker.org.gradle.process.internal.worker.GradleWorkerMain.run(GradleWorkerMain.java:69)&#13;
worker.org.gradle.process.internal.worker.GradleWorkerMain.main(GradleWorkerMain.java:74)&#13;
</system-err></testcase></testsuite>