<?xml version="1.0" encoding="UTF-8"?>
<testsuite name="Busqueda de vuelos por nombre de la aerolinea" tests="1" skipped="0" failures="1" errors="0" timestamp="2024-11-03T00:16:50" hostname="S-LAPTOP" time="6.23">
  <properties/>
  <testcase name="Buscar vuelos por nombre de una aerolinea existente" classname="Busqueda de vuelos por nombre de la aerolinea" time="6.23">
    <failure message="java.lang.AssertionError: 1 expectation failed.&#10;JSON path [0].airline doesn't match.&#10;Expected: JetFlya&#10;  Actual: null&#10;" type="java.lang.AssertionError">java.lang.AssertionError: 1 expectation failed.
JSON path [0].airline doesn't match.
Expected: JetFlya
  Actual: null

	at net.serenitybdd.screenplay.ErrorTally.throwSummaryExceptionFrom(ErrorTally.java:38)
	at net.serenitybdd.screenplay.ErrorTally.reportAnyErrors(ErrorTally.java:32)
	at net.serenitybdd.screenplay.Actor.should(Actor.java:397)
	at co.com.udea.certificacion.busqueda_de_vuelos_B.stepdefinitions.FlightAirlineSearchStepDefinition.heShouldSeeTheFlightInformation(FlightAirlineSearchStepDefinition.java:40)
	at ✽.se muestra una lista de vuelos de JetFly(file:///C:/Users/sneyd/projects/ArquiSoft-Lab01/Screenplay/src/test/resources/features/searchbyairline.feature:8)
</failure>
  </testcase>
  <system-out><![CDATA[Request method:	GET
Request URI:	http://localhost:8080/flights/searchByName?nameAirline=JetFlya
Proxy:			<none>
Request params:	nameAirline=JetFlya
Query params:	<none>
Form params:	<none>
Path params:	<none>
Headers:		Accept=*/*
				Content-Type=application/json
Cookies:		<none>
Multiparts:		<none>
Body:			<none>
HTTP/1.1 200 
Vary: Origin
Vary: Access-Control-Request-Method
Vary: Access-Control-Request-Headers
Content-Type: application/json
Transfer-Encoding: chunked
Date: Sun, 03 Nov 2024 00:16:54 GMT
Keep-Alive: timeout=60
Connection: keep-alive

[
    
]
]]></system-out>
  <system-err><![CDATA[[Test worker] INFO  - 
  _____   ___   ___   _____     ___   _____     _     ___   _____   ___   ___  
 |_   _| | __| / __| |_   _|   / __| |_   _|   /_\   | _ \ |_   _| | __| |   \ 
   | |   | _|  \__ \   | |     \__ \   | |    / _ \  |   /   | |   | _|  | |) |
   |_|   |___| |___/   |_|     |___/   |_|   /_/ \_\ |_|_\   |_|   |___| |___/ 

Buscar vuelos por nombre de una aerolinea existente(busqueda-de-vuelos-por-nombre-de-la-aerolinea;buscar-vuelos-por-nombre-de-una-aerolinea-existente)
--------------------------------------------------------------------------------
[Test worker] ERROR  - 
  _____   ___   ___   _____     ___     _     ___   _      ___   ___  
 |_   _| | __| / __| |_   _|   | __|   /_\   |_ _| | |    | __| |   \ 
   | |   | _|  \__ \   | |     | _|   / _ \   | |  | |__  | _|  | |) |
   |_|   |___| |___/   |_|     |_|   /_/ \_\ |___| |____| |___| |___/ 

Buscar vuelos por nombre de una aerolinea existente
-----------------------------------------------------------------------
[Test worker] ERROR  -     Test failed at step: A valid response is returned
[Test worker] ERROR  -     1 expectation failed.JSON path [0].airline doesn't match.Expected: JetFlya  Actual: null
]]></system-err>
</testsuite>
